<?xml version="1.0" encoding="UTF-8"?>
<!-- Generated by org.testng.reporters.JUnitReportReporter -->
<testsuite skipped="0" hostname="DESKTOP-FKJ1UQ7" name="testCases.ExampleTest" tests="5" failures="0" timestamp="05 Aug 2020 11:27:38 GMT" time="10.692" errors="0">
  <testcase name="validateMainPageIsAccessible" time="0.016" classname="testCases.ExampleTest"/>
  <testcase name="validateResults" time="2.778" classname="testCases.ExampleTest"/>
  <testcase name="validateResultTitles" time="3.454" classname="testCases.ExampleTest"/>
  <testcase name="validateResultsWithFilter" time="2.661" classname="testCases.ExampleTest"/>
  <testcase name="validateNoResultsFound" time="1.783" classname="testCases.ExampleTest"/>
</testsuite> <!-- testCases.ExampleTest -->
